Connecting to database specified by database.yml
  [1m[36m (0.1ms)[0m  [1mselect sqlite_version(*)[0m
  [1m[35m (135.1ms)[0m  CREATE TABLE "schema_migrations" ("version" varchar(255) NOT NULL) 
  [1m[36m (165.7ms)[0m  [1mCREATE UNIQUE INDEX "unique_schema_migrations" ON "schema_migrations" ("version")[0m
  [1m[35m (1.3ms)[0m  SELECT "schema_migrations"."version" FROM "schema_migrations" 
Migrating to CreateMovies (20111119180638)
  [1m[36m (0.0ms)[0m  [1mbegin transaction[0m
  [1m[35m (0.3ms)[0m  CREATE TABLE "movies" ("id" INTEGER PRIMARY KEY AUTOINCREMENT NOT NULL, "title" varchar(255), "rating" varchar(255), "description" text, "release_date" datetime, "created_at" datetime NOT NULL, "updated_at" datetime NOT NULL) 
  [1m[36m (0.1ms)[0m  [1mINSERT INTO "schema_migrations" ("version") VALUES ('20111119180638')[0m
  [1m[35m (110.9ms)[0m  commit transaction
  [1m[36m (0.1ms)[0m  [1mSELECT "schema_migrations"."version" FROM "schema_migrations" [0m
Connecting to database specified by database.yml
  [1m[36m (1.1ms)[0m  [1mSELECT "schema_migrations"."version" FROM "schema_migrations" [0m
  [1m[35m (0.1ms)[0m  begin transaction
  [1m[36mSQL (3.2ms)[0m  [1mINSERT INTO "movies" ("created_at", "description", "rating", "release_date", "title", "updated_at") VALUES (?, ?, ?, ?, ?, ?)[0m  [["created_at", Thu, 27 Nov 2014 03:51:28 UTC +00:00], ["description", nil], ["rating", "G"], ["release_date", Wed, 25 Nov 1992 00:00:00 UTC +00:00], ["title", "Aladdin"], ["updated_at", Thu, 27 Nov 2014 03:51:28 UTC +00:00]]
  [1m[35m (103.4ms)[0m  commit transaction
  [1m[36m (0.1ms)[0m  [1mbegin transaction[0m
  [1m[35mSQL (0.3ms)[0m  INSERT INTO "movies" ("created_at", "description", "rating", "release_date", "title", "updated_at") VALUES (?, ?, ?, ?, ?, ?)  [["created_at", Thu, 27 Nov 2014 03:51:28 UTC +00:00], ["description", nil], ["rating", "R"], ["release_date", Fri, 26 Oct 1984 00:00:00 UTC +00:00], ["title", "The Terminator"], ["updated_at", Thu, 27 Nov 2014 03:51:28 UTC +00:00]]
  [1m[36m (113.9ms)[0m  [1mcommit transaction[0m
  [1m[35m (0.1ms)[0m  begin transaction
  [1m[36mSQL (0.2ms)[0m  [1mINSERT INTO "movies" ("created_at", "description", "rating", "release_date", "title", "updated_at") VALUES (?, ?, ?, ?, ?, ?)[0m  [["created_at", Thu, 27 Nov 2014 03:51:28 UTC +00:00], ["description", nil], ["rating", "R"], ["release_date", Fri, 21 Jul 1989 00:00:00 UTC +00:00], ["title", "When Harry Met Sally"], ["updated_at", Thu, 27 Nov 2014 03:51:28 UTC +00:00]]
  [1m[35m (156.2ms)[0m  commit transaction
  [1m[36m (0.1ms)[0m  [1mbegin transaction[0m
  [1m[35mSQL (0.3ms)[0m  INSERT INTO "movies" ("created_at", "description", "rating", "release_date", "title", "updated_at") VALUES (?, ?, ?, ?, ?, ?)  [["created_at", Thu, 27 Nov 2014 03:51:28 UTC +00:00], ["description", nil], ["rating", "PG-13"], ["release_date", Wed, 10 Aug 2011 00:00:00 UTC +00:00], ["title", "The Help"], ["updated_at", Thu, 27 Nov 2014 03:51:28 UTC +00:00]]
  [1m[36m (106.5ms)[0m  [1mcommit transaction[0m
  [1m[35m (0.1ms)[0m  begin transaction
  [1m[36mSQL (0.4ms)[0m  [1mINSERT INTO "movies" ("created_at", "description", "rating", "release_date", "title", "updated_at") VALUES (?, ?, ?, ?, ?, ?)[0m  [["created_at", Thu, 27 Nov 2014 03:51:29 UTC +00:00], ["description", nil], ["rating", "PG-13"], ["release_date", Fri, 05 Jan 2001 00:00:00 UTC +00:00], ["title", "Chocolat"], ["updated_at", Thu, 27 Nov 2014 03:51:29 UTC +00:00]]
  [1m[35m (138.9ms)[0m  commit transaction
  [1m[36m (0.1ms)[0m  [1mbegin transaction[0m
  [1m[35mSQL (0.4ms)[0m  INSERT INTO "movies" ("created_at", "description", "rating", "release_date", "title", "updated_at") VALUES (?, ?, ?, ?, ?, ?)  [["created_at", Thu, 27 Nov 2014 03:51:29 UTC +00:00], ["description", nil], ["rating", "R"], ["release_date", Wed, 25 Apr 2001 00:00:00 UTC +00:00], ["title", "Amelie"], ["updated_at", Thu, 27 Nov 2014 03:51:29 UTC +00:00]]
  [1m[36m (105.7ms)[0m  [1mcommit transaction[0m
  [1m[35m (0.1ms)[0m  begin transaction
  [1m[36mSQL (0.3ms)[0m  [1mINSERT INTO "movies" ("created_at", "description", "rating", "release_date", "title", "updated_at") VALUES (?, ?, ?, ?, ?, ?)[0m  [["created_at", Thu, 27 Nov 2014 03:51:29 UTC +00:00], ["description", nil], ["rating", "G"], ["release_date", Sat, 06 Apr 1968 00:00:00 UTC +00:00], ["title", "2001: A Space Odyssey"], ["updated_at", Thu, 27 Nov 2014 03:51:29 UTC +00:00]]
  [1m[35m (130.6ms)[0m  commit transaction
  [1m[36m (0.1ms)[0m  [1mbegin transaction[0m
  [1m[35mSQL (0.4ms)[0m  INSERT INTO "movies" ("created_at", "description", "rating", "release_date", "title", "updated_at") VALUES (?, ?, ?, ?, ?, ?)  [["created_at", Thu, 27 Nov 2014 03:51:29 UTC +00:00], ["description", nil], ["rating", "PG"], ["release_date", Fri, 05 Nov 2004 00:00:00 UTC +00:00], ["title", "The Incredibles"], ["updated_at", Thu, 27 Nov 2014 03:51:29 UTC +00:00]]
  [1m[36m (97.6ms)[0m  [1mcommit transaction[0m
  [1m[35m (0.1ms)[0m  begin transaction
  [1m[36mSQL (0.4ms)[0m  [1mINSERT INTO "movies" ("created_at", "description", "rating", "release_date", "title", "updated_at") VALUES (?, ?, ?, ?, ?, ?)[0m  [["created_at", Thu, 27 Nov 2014 03:51:29 UTC +00:00], ["description", nil], ["rating", "PG"], ["release_date", Fri, 12 Jun 1981 00:00:00 UTC +00:00], ["title", "Raiders of the Lost Ark"], ["updated_at", Thu, 27 Nov 2014 03:51:29 UTC +00:00]]
  [1m[35m (105.6ms)[0m  commit transaction
  [1m[36m (0.1ms)[0m  [1mbegin transaction[0m
  [1m[35mSQL (0.3ms)[0m  INSERT INTO "movies" ("created_at", "description", "rating", "release_date", "title", "updated_at") VALUES (?, ?, ?, ?, ?, ?)  [["created_at", Thu, 27 Nov 2014 03:51:29 UTC +00:00], ["description", nil], ["rating", "G"], ["release_date", Wed, 21 Jun 2000 00:00:00 UTC +00:00], ["title", "Chicken Run"], ["updated_at", Thu, 27 Nov 2014 03:51:29 UTC +00:00]]
  [1m[36m (106.6ms)[0m  [1mcommit transaction[0m


Started GET "/movies" for 127.0.0.1 at 2014-11-26 22:53:17 -0500
Connecting to database specified by database.yml
Processing by MoviesController#index as HTML
  [1m[36mMovie Load (0.1ms)[0m  [1mSELECT "movies".* FROM "movies" [0m
  Rendered movies/index.html.haml within layouts/application (31.3ms)
Compiled application.css  (0ms)  (pid 14647)
Compiled jquery.js  (1ms)  (pid 14647)
Compiled jquery_ujs.js  (0ms)  (pid 14647)
Compiled application.js  (39ms)  (pid 14647)
Completed 200 OK in 169.7ms (Views: 123.6ms | ActiveRecord: 2.0ms)


Started GET "/assets/application.css?body=1" for 127.0.0.1 at 2014-11-26 22:53:18 -0500
Served asset /application.css - 200 OK (2ms)


Started GET "/assets/application.js?body=1" for 127.0.0.1 at 2014-11-26 22:53:18 -0500
Served asset /application.js - 200 OK (7ms)


Started GET "/assets/jquery.js?body=1" for 127.0.0.1 at 2014-11-26 22:53:18 -0500
Served asset /jquery.js - 200 OK (3ms)


Started GET "/assets/jquery_ujs.js?body=1" for 127.0.0.1 at 2014-11-26 22:53:18 -0500
Served asset /jquery_ujs.js - 200 OK (2ms)


Started GET "/movies/6" for 127.0.0.1 at 2014-11-26 22:53:28 -0500
Processing by MoviesController#show as HTML
  Parameters: {"id"=>"6"}
  [1m[35mMovie Load (0.3ms)[0m  SELECT "movies".* FROM "movies" WHERE "movies"."id" = ? LIMIT 1  [["id", "6"]]
  Rendered movies/show.html.haml within layouts/application (5.1ms)
Completed 200 OK in 12.1ms (Views: 9.3ms | ActiveRecord: 0.3ms)


Started GET "/assets/jquery.js?body=1" for 127.0.0.1 at 2014-11-26 22:53:29 -0500
Served asset /jquery.js - 304 Not Modified (1ms)


Started GET "/movies" for 127.0.0.1 at 2014-11-27 11:19:18 -0500
Processing by MoviesController#index as HTML
  [1m[36mMovie Load (0.3ms)[0m  [1mSELECT "movies".* FROM "movies" [0m
  Rendered movies/index.html.haml within layouts/application (8.7ms)
Completed 500 Internal Server Error in 11.5ms

ActionView::Template::Error (uninitialized constant ActionView::CompiledTemplates::Title):
    4: %table#movies
    5:   %thead
    6:     %tr
    7:       %th= link to Movie Title, '/'
    8:       %th Rating
    9:       %th Release Date
    10:       %th More Info
  app/views/movies/index.html.haml:7:in `_app_views_movies_index_html_haml__2272724366842015260_69926533468860'


  Rendered /usr/local/rvm/gems/ruby-1.9.3-p547/gems/actionpack-3.2.18/lib/action_dispatch/middleware/templates/rescues/_trace.erb (1.1ms)
  Rendered /usr/local/rvm/gems/ruby-1.9.3-p547/gems/actionpack-3.2.18/lib/action_dispatch/middleware/templates/rescues/_request_and_response.erb (22.4ms)
  Rendered /usr/local/rvm/gems/ruby-1.9.3-p547/gems/actionpack-3.2.18/lib/action_dispatch/middleware/templates/rescues/template_error.erb within rescues/layout (29.1ms)


Started GET "/movies" for 127.0.0.1 at 2014-11-27 11:20:09 -0500
Processing by MoviesController#index as HTML
  [1m[35mMovie Load (0.3ms)[0m  SELECT "movies".* FROM "movies" 
  Rendered movies/index.html.haml within layouts/application (6.0ms)
Completed 200 OK in 10.5ms (Views: 9.0ms | ActiveRecord: 0.3ms)


Started GET "/assets/application.css?body=1" for 127.0.0.1 at 2014-11-27 11:20:10 -0500
Served asset /application.css - 304 Not Modified (0ms)


Started GET "/assets/jquery_ujs.js?body=1" for 127.0.0.1 at 2014-11-27 11:20:10 -0500
Served asset /jquery_ujs.js - 304 Not Modified (0ms)


Started GET "/assets/jquery.js?body=1" for 127.0.0.1 at 2014-11-27 11:20:10 -0500
Served asset /jquery.js - 304 Not Modified (0ms)


Started GET "/assets/application.js?body=1" for 127.0.0.1 at 2014-11-27 11:20:10 -0500
Served asset /application.js - 304 Not Modified (1ms)


Started GET "/assets/rails.png" for 127.0.0.1 at 2014-11-27 11:20:14 -0500
Served asset /rails.png - 200 OK (4ms)


Started GET "/assets/rails.png" for 127.0.0.1 at 2014-11-27 11:48:20 -0500
Served asset /rails.png - 304 Not Modified (0ms)


Started GET "/movies" for 127.0.0.1 at 2014-11-27 11:48:37 -0500
Processing by MoviesController#index as HTML
Completed 500 Internal Server Error in 1.0ms

NoMethodError (undefined method `debug' for #<MoviesController:0x007f3214a02b28>):
  app/controllers/movies_controller.rb:10:in `index'


  Rendered /usr/local/rvm/gems/ruby-1.9.3-p547/gems/actionpack-3.2.18/lib/action_dispatch/middleware/templates/rescues/_trace.erb (1.1ms)
  Rendered /usr/local/rvm/gems/ruby-1.9.3-p547/gems/actionpack-3.2.18/lib/action_dispatch/middleware/templates/rescues/_request_and_response.erb (0.9ms)
  Rendered /usr/local/rvm/gems/ruby-1.9.3-p547/gems/actionpack-3.2.18/lib/action_dispatch/middleware/templates/rescues/diagnostics.erb within rescues/layout (8.2ms)


Started GET "/movies" for 127.0.0.1 at 2014-11-27 11:49:20 -0500
Processing by MoviesController#index as HTML
{"action"=>"index", "controller"=>"movies"}
  [1m[36mMovie Load (0.1ms)[0m  [1mSELECT "movies".* FROM "movies" [0m
  Rendered movies/index.html.haml within layouts/application (2.6ms)
Completed 200 OK in 36.7ms (Views: 5.4ms | ActiveRecord: 0.5ms)


Started GET "/assets/application.css?body=1" for 127.0.0.1 at 2014-11-27 11:49:21 -0500
Served asset /application.css - 304 Not Modified (0ms)


Started GET "/assets/jquery_ujs.js?body=1" for 127.0.0.1 at 2014-11-27 11:49:21 -0500
Served asset /jquery_ujs.js - 304 Not Modified (0ms)


Started GET "/assets/jquery.js?body=1" for 127.0.0.1 at 2014-11-27 11:49:21 -0500
Served asset /jquery.js - 304 Not Modified (3ms)


Started GET "/assets/application.js?body=1" for 127.0.0.1 at 2014-11-27 11:49:21 -0500
Served asset /application.js - 304 Not Modified (1ms)


Started GET "/assets/rails.png" for 127.0.0.1 at 2014-11-27 11:49:42 -0500
Served asset /rails.png - 304 Not Modified (0ms)
Connecting to database specified by database.yml


Started GET "/movies" for 127.0.0.1 at 2014-11-27 11:50:54 -0500
Processing by MoviesController#index as HTML
{"action"=>"index", "controller"=>"movies"}
  [1m[35mMovie Load (0.3ms)[0m  SELECT "movies".* FROM "movies" 
  Rendered movies/index.html.haml within layouts/application (10.5ms)
Completed 500 Internal Server Error in 13.8ms

ActionView::Template::Error (undefined local variable or method `movies' for #<#<Class:0x007f3214184c58>:0x007f321468c390>):
    4: %table#movies
    5:   %thead
    6:     %tr
    7:       %th= link_to('Movie Title', movies)
    8:       %th Rating
    9:       %th Release Date
    10:       %th More Info
  app/views/movies/index.html.haml:7:in `_app_views_movies_index_html_haml__2272724366842015260_69926533748520'


  Rendered /usr/local/rvm/gems/ruby-1.9.3-p547/gems/actionpack-3.2.18/lib/action_dispatch/middleware/templates/rescues/_trace.erb (1.0ms)
  Rendered /usr/local/rvm/gems/ruby-1.9.3-p547/gems/actionpack-3.2.18/lib/action_dispatch/middleware/templates/rescues/_request_and_response.erb (0.8ms)
  Rendered /usr/local/rvm/gems/ruby-1.9.3-p547/gems/actionpack-3.2.18/lib/action_dispatch/middleware/templates/rescues/template_error.erb within rescues/layout (6.8ms)


Started GET "/movies" for 127.0.0.1 at 2014-11-27 11:51:56 -0500
Processing by MoviesController#index as HTML
{"action"=>"index", "controller"=>"movies"}
  [1m[36mMovie Load (0.3ms)[0m  [1mSELECT "movies".* FROM "movies" [0m
  Rendered movies/index.html.haml within layouts/application (5.3ms)
Completed 200 OK in 9.9ms (Views: 8.4ms | ActiveRecord: 0.3ms)


Started GET "/assets/application.css?body=1" for 127.0.0.1 at 2014-11-27 11:51:56 -0500
Served asset /application.css - 304 Not Modified (0ms)


Started GET "/assets/jquery.js?body=1" for 127.0.0.1 at 2014-11-27 11:51:56 -0500
Served asset /jquery.js - 304 Not Modified (5ms)


Started GET "/assets/jquery_ujs.js?body=1" for 127.0.0.1 at 2014-11-27 11:51:56 -0500
Served asset /jquery_ujs.js - 304 Not Modified (0ms)


Started GET "/assets/application.js?body=1" for 127.0.0.1 at 2014-11-27 11:51:56 -0500
Served asset /application.js - 304 Not Modified (1ms)


Started GET "/movies" for 127.0.0.1 at 2014-11-27 11:52:01 -0500
Processing by MoviesController#index as HTML
{"action"=>"index", "controller"=>"movies"}
  [1m[35mMovie Load (0.3ms)[0m  SELECT "movies".* FROM "movies" 
  Rendered movies/index.html.haml within layouts/application (2.9ms)
Completed 200 OK in 7.4ms (Views: 5.9ms | ActiveRecord: 0.3ms)


Started GET "/assets/application.css?body=1" for 127.0.0.1 at 2014-11-27 11:52:02 -0500
Served asset /application.css - 304 Not Modified (0ms)


Started GET "/assets/jquery.js?body=1" for 127.0.0.1 at 2014-11-27 11:52:02 -0500
Served asset /jquery.js - 304 Not Modified (5ms)


Started GET "/assets/jquery_ujs.js?body=1" for 127.0.0.1 at 2014-11-27 11:52:02 -0500
Served asset /jquery_ujs.js - 304 Not Modified (0ms)


Started GET "/assets/application.js?body=1" for 127.0.0.1 at 2014-11-27 11:52:02 -0500
Served asset /application.js - 304 Not Modified (1ms)


Started GET "/movies" for 127.0.0.1 at 2014-11-27 11:52:13 -0500
Processing by MoviesController#index as HTML
{"action"=>"index", "controller"=>"movies"}
  [1m[36mMovie Load (0.3ms)[0m  [1mSELECT "movies".* FROM "movies" [0m
  Rendered movies/index.html.haml within layouts/application (4.5ms)
Completed 200 OK in 9.5ms (Views: 7.9ms | ActiveRecord: 0.3ms)


Started GET "/assets/application.css?body=1" for 127.0.0.1 at 2014-11-27 11:52:14 -0500
Served asset /application.css - 304 Not Modified (2ms)


Started GET "/assets/jquery.js?body=1" for 127.0.0.1 at 2014-11-27 11:52:14 -0500
Served asset /jquery.js - 304 Not Modified (1ms)


Started GET "/assets/jquery_ujs.js?body=1" for 127.0.0.1 at 2014-11-27 11:52:14 -0500
Served asset /jquery_ujs.js - 304 Not Modified (0ms)


Started GET "/assets/application.js?body=1" for 127.0.0.1 at 2014-11-27 11:52:14 -0500
Served asset /application.js - 304 Not Modified (1ms)


Started GET "/movies" for 127.0.0.1 at 2014-11-27 11:52:34 -0500
Processing by MoviesController#index as HTML
{"action"=>"index", "controller"=>"movies"}
  [1m[35mMovie Load (0.2ms)[0m  SELECT "movies".* FROM "movies" 
  Rendered movies/index.html.haml within layouts/application (3.6ms)
Completed 200 OK in 8.5ms (Views: 7.0ms | ActiveRecord: 0.2ms)


Started GET "/assets/application.css?body=1" for 127.0.0.1 at 2014-11-27 11:52:34 -0500
Served asset /application.css - 304 Not Modified (0ms)


Started GET "/assets/jquery_ujs.js?body=1" for 127.0.0.1 at 2014-11-27 11:52:34 -0500
Served asset /jquery_ujs.js - 304 Not Modified (0ms)


Started GET "/assets/application.js?body=1" for 127.0.0.1 at 2014-11-27 11:52:34 -0500
Served asset /application.js - 304 Not Modified (1ms)


Started GET "/assets/jquery.js?body=1" for 127.0.0.1 at 2014-11-27 11:52:34 -0500
Served asset /jquery.js - 304 Not Modified (0ms)


Started GET "/movies" for 127.0.0.1 at 2014-11-27 11:55:16 -0500
Processing by MoviesController#index as HTML
{"action"=>"index", "controller"=>"movies"}
  [1m[36mMovie Load (0.3ms)[0m  [1mSELECT "movies".* FROM "movies" [0m
  Rendered movies/index.html.haml within layouts/application (5.9ms)
Completed 200 OK in 10.7ms (Views: 9.1ms | ActiveRecord: 0.3ms)


Started GET "/assets/application.css?body=1" for 127.0.0.1 at 2014-11-27 11:55:16 -0500
Served asset /application.css - 304 Not Modified (0ms)


Started GET "/assets/jquery.js?body=1" for 127.0.0.1 at 2014-11-27 11:55:16 -0500
Served asset /jquery.js - 304 Not Modified (5ms)


Started GET "/assets/jquery_ujs.js?body=1" for 127.0.0.1 at 2014-11-27 11:55:16 -0500
Served asset /jquery_ujs.js - 304 Not Modified (0ms)


Started GET "/assets/application.js?body=1" for 127.0.0.1 at 2014-11-27 11:55:16 -0500
Served asset /application.js - 304 Not Modified (0ms)


Started GET "/movies" for 127.0.0.1 at 2014-11-27 11:55:19 -0500
Processing by MoviesController#index as HTML
{"action"=>"index", "controller"=>"movies"}
  [1m[35mMovie Load (0.3ms)[0m  SELECT "movies".* FROM "movies" 
  Rendered movies/index.html.haml within layouts/application (3.6ms)
Completed 200 OK in 8.2ms (Views: 6.7ms | ActiveRecord: 0.3ms)


Started GET "/assets/application.css?body=1" for 127.0.0.1 at 2014-11-27 11:55:19 -0500
Served asset /application.css - 304 Not Modified (0ms)


Started GET "/assets/jquery.js?body=1" for 127.0.0.1 at 2014-11-27 11:55:19 -0500
Served asset /jquery.js - 304 Not Modified (4ms)


Started GET "/assets/application.js?body=1" for 127.0.0.1 at 2014-11-27 11:55:19 -0500
Served asset /application.js - 304 Not Modified (2ms)


Started GET "/assets/jquery_ujs.js?body=1" for 127.0.0.1 at 2014-11-27 11:55:19 -0500
Served asset /jquery_ujs.js - 304 Not Modified (0ms)


Started GET "/movies" for 127.0.0.1 at 2014-11-27 12:19:42 -0500

SyntaxError (/home/gmatz/Code/edx/ucb_cs169.1x/rails-intro/app/helpers/application_helper.rb:5: syntax error, unexpected tANDOP
    direction = column == && sort_direction == "asc" ? "desc" : "asc"
                            ^
/home/gmatz/Code/edx/ucb_cs169.1x/rails-intro/app/helpers/application_helper.rb:7: syntax error, unexpected $end, expecting keyword_end):
  app/controllers/application_controller.rb:1:in `<top (required)>'
  app/controllers/movies_controller.rb:1:in `<top (required)>'


  Rendered /usr/local/rvm/gems/ruby-1.9.3-p547/gems/actionpack-3.2.18/lib/action_dispatch/middleware/templates/rescues/_trace.erb (1.0ms)
  Rendered /usr/local/rvm/gems/ruby-1.9.3-p547/gems/actionpack-3.2.18/lib/action_dispatch/middleware/templates/rescues/_request_and_response.erb (0.7ms)
  Rendered /usr/local/rvm/gems/ruby-1.9.3-p547/gems/actionpack-3.2.18/lib/action_dispatch/middleware/templates/rescues/diagnostics.erb within rescues/layout (6.8ms)


Started GET "/movies" for 127.0.0.1 at 2014-11-27 12:20:41 -0500

SyntaxError (/home/gmatz/Code/edx/ucb_cs169.1x/rails-intro/app/helpers/application_helper.rb:5: syntax error, unexpected tEQ
    direction = column == sort_direction == "asc" ? "desc" : "asc"
                                           ^
/home/gmatz/Code/edx/ucb_cs169.1x/rails-intro/app/helpers/application_helper.rb:7: syntax error, unexpected $end, expecting keyword_end):
  app/controllers/application_controller.rb:1:in `<top (required)>'
  app/controllers/movies_controller.rb:1:in `<top (required)>'


  Rendered /usr/local/rvm/gems/ruby-1.9.3-p547/gems/actionpack-3.2.18/lib/action_dispatch/middleware/templates/rescues/_trace.erb (1.0ms)
  Rendered /usr/local/rvm/gems/ruby-1.9.3-p547/gems/actionpack-3.2.18/lib/action_dispatch/middleware/templates/rescues/_request_and_response.erb (0.7ms)
  Rendered /usr/local/rvm/gems/ruby-1.9.3-p547/gems/actionpack-3.2.18/lib/action_dispatch/middleware/templates/rescues/diagnostics.erb within rescues/layout (6.8ms)


Started GET "/movies" for 127.0.0.1 at 2014-11-27 12:21:33 -0500

SyntaxError (/home/gmatz/Code/edx/ucb_cs169.1x/rails-intro/app/helpers/application_helper.rb:7: syntax error, unexpected $end, expecting keyword_end):
  app/controllers/application_controller.rb:1:in `<top (required)>'
  app/controllers/movies_controller.rb:1:in `<top (required)>'


  Rendered /usr/local/rvm/gems/ruby-1.9.3-p547/gems/actionpack-3.2.18/lib/action_dispatch/middleware/templates/rescues/_trace.erb (0.9ms)
  Rendered /usr/local/rvm/gems/ruby-1.9.3-p547/gems/actionpack-3.2.18/lib/action_dispatch/middleware/templates/rescues/_request_and_response.erb (0.8ms)
  Rendered /usr/local/rvm/gems/ruby-1.9.3-p547/gems/actionpack-3.2.18/lib/action_dispatch/middleware/templates/rescues/diagnostics.erb within rescues/layout (6.9ms)


Started GET "/movies" for 127.0.0.1 at 2014-11-27 12:22:00 -0500
Processing by MoviesController#index as HTML
{"action"=>"index", "controller"=>"movies"}
  [1m[36mMovie Load (0.9ms)[0m  [1mSELECT "movies".* FROM "movies" [0m
  Rendered movies/index.html.haml within layouts/application (2.6ms)
Completed 500 Internal Server Error in 36.9ms

ActionView::Template::Error (wrong number of arguments (2 for 0)):
    4: %table#movies
    5:   %thead
    6:     %tr
    7:       %th= sortable 'movie', 'Movie Title'
    8:       %th= sortable 'rating', 'Rating'
    9:       %th Release Date
    10:       %th More Info
  app/helpers/application_helper.rb:2:in `sortable'
  app/views/movies/index.html.haml:7:in `_app_views_movies_index_html_haml__2272724366842015260_69926530731460'


  Rendered /usr/local/rvm/gems/ruby-1.9.3-p547/gems/actionpack-3.2.18/lib/action_dispatch/middleware/templates/rescues/_trace.erb (1.0ms)
  Rendered /usr/local/rvm/gems/ruby-1.9.3-p547/gems/actionpack-3.2.18/lib/action_dispatch/middleware/templates/rescues/_request_and_response.erb (0.7ms)
  Rendered /usr/local/rvm/gems/ruby-1.9.3-p547/gems/actionpack-3.2.18/lib/action_dispatch/middleware/templates/rescues/template_error.erb within rescues/layout (6.8ms)


Started GET "/movies" for 127.0.0.1 at 2014-11-27 12:22:02 -0500
Processing by MoviesController#index as HTML
{"action"=>"index", "controller"=>"movies"}
  [1m[35mMovie Load (0.3ms)[0m  SELECT "movies".* FROM "movies" 
  Rendered movies/index.html.haml within layouts/application (0.7ms)
Completed 500 Internal Server Error in 3.9ms

ActionView::Template::Error (wrong number of arguments (2 for 0)):
    4: %table#movies
    5:   %thead
    6:     %tr
    7:       %th= sortable 'movie', 'Movie Title'
    8:       %th= sortable 'rating', 'Rating'
    9:       %th Release Date
    10:       %th More Info
  app/helpers/application_helper.rb:2:in `sortable'
  app/views/movies/index.html.haml:7:in `_app_views_movies_index_html_haml__2272724366842015260_69926530731460'


  Rendered /usr/local/rvm/gems/ruby-1.9.3-p547/gems/actionpack-3.2.18/lib/action_dispatch/middleware/templates/rescues/_trace.erb (1.0ms)
  Rendered /usr/local/rvm/gems/ruby-1.9.3-p547/gems/actionpack-3.2.18/lib/action_dispatch/middleware/templates/rescues/_request_and_response.erb (0.8ms)
  Rendered /usr/local/rvm/gems/ruby-1.9.3-p547/gems/actionpack-3.2.18/lib/action_dispatch/middleware/templates/rescues/template_error.erb within rescues/layout (6.8ms)


Started GET "/movies" for 127.0.0.1 at 2014-11-27 12:24:21 -0500
Processing by MoviesController#index as HTML
{"action"=>"index", "controller"=>"movies"}
  [1m[36mMovie Load (0.1ms)[0m  [1mSELECT "movies".* FROM "movies" [0m
  Rendered movies/index.html.haml within layouts/application (3.0ms)
Compiled application.css  (0ms)  (pid 14647)
Completed 200 OK in 17.1ms (Views: 10.1ms | ActiveRecord: 0.5ms)


Started GET "/assets/application.css?body=1" for 127.0.0.1 at 2014-11-27 12:24:22 -0500
Served asset /application.css - 200 OK (1ms)


Started GET "/assets/jquery_ujs.js?body=1" for 127.0.0.1 at 2014-11-27 12:24:22 -0500
Served asset /jquery_ujs.js - 304 Not Modified (0ms)


Started GET "/assets/jquery.js?body=1" for 127.0.0.1 at 2014-11-27 12:24:22 -0500
Served asset /jquery.js - 304 Not Modified (1ms)


Started GET "/assets/application.js?body=1" for 127.0.0.1 at 2014-11-27 12:24:22 -0500
Served asset /application.js - 304 Not Modified (1ms)


Started GET "/movies?direction=asc&sort=movie" for 127.0.0.1 at 2014-11-27 12:24:29 -0500
Processing by MoviesController#index as HTML
  Parameters: {"direction"=>"asc", "sort"=>"movie"}
{"direction"=>"asc", "sort"=>"movie", "action"=>"index", "controller"=>"movies"}
  [1m[35mMovie Load (0.3ms)[0m  SELECT "movies".* FROM "movies" 
  Rendered movies/index.html.haml within layouts/application (4.6ms)
Completed 200 OK in 9.9ms (Views: 8.4ms | ActiveRecord: 0.3ms)


Started GET "/assets/jquery.js?body=1" for 127.0.0.1 at 2014-11-27 12:24:29 -0500
Served asset /jquery.js - 304 Not Modified (1ms)


Started GET "/assets/jquery_ujs.js?body=1" for 127.0.0.1 at 2014-11-27 12:24:29 -0500
Served asset /jquery_ujs.js - 304 Not Modified (0ms)


Started GET "/assets/application.js?body=1" for 127.0.0.1 at 2014-11-27 12:24:29 -0500
Served asset /application.js - 304 Not Modified (1ms)


Started GET "/movies?direction=asc&sort=movie" for 127.0.0.1 at 2014-11-27 12:24:50 -0500
Processing by MoviesController#index as HTML
  Parameters: {"direction"=>"asc", "sort"=>"movie"}
{"direction"=>"asc", "sort"=>"movie", "action"=>"index", "controller"=>"movies"}
  [1m[36mMovie Load (0.3ms)[0m  [1mSELECT "movies".* FROM "movies" [0m
  Rendered movies/index.html.haml within layouts/application (3.0ms)
Completed 200 OK in 7.7ms (Views: 6.1ms | ActiveRecord: 0.3ms)


Started GET "/assets/jquery_ujs.js?body=1" for 127.0.0.1 at 2014-11-27 12:24:50 -0500
Served asset /jquery_ujs.js - 304 Not Modified (0ms)


Started GET "/assets/jquery.js?body=1" for 127.0.0.1 at 2014-11-27 12:24:50 -0500
Served asset /jquery.js - 304 Not Modified (2ms)


Started GET "/assets/application.js?body=1" for 127.0.0.1 at 2014-11-27 12:24:50 -0500
Served asset /application.js - 304 Not Modified (1ms)


Started GET "/movies?direction=asc&sort=rating" for 127.0.0.1 at 2014-11-27 12:24:54 -0500
Processing by MoviesController#index as HTML
  Parameters: {"direction"=>"asc", "sort"=>"rating"}
{"direction"=>"asc", "sort"=>"rating", "action"=>"index", "controller"=>"movies"}
  [1m[35mMovie Load (0.3ms)[0m  SELECT "movies".* FROM "movies" 
  Rendered movies/index.html.haml within layouts/application (3.4ms)
Completed 200 OK in 10.5ms (Views: 8.9ms | ActiveRecord: 0.3ms)


Started GET "/assets/application.css?body=1" for 127.0.0.1 at 2014-11-27 12:24:54 -0500
Served asset /application.css - 304 Not Modified (0ms)


Started GET "/assets/jquery_ujs.js?body=1" for 127.0.0.1 at 2014-11-27 12:24:54 -0500
Served asset /jquery_ujs.js - 304 Not Modified (0ms)


Started GET "/assets/application.js?body=1" for 127.0.0.1 at 2014-11-27 12:24:54 -0500
Served asset /application.js - 304 Not Modified (3ms)


Started GET "/assets/jquery.js?body=1" for 127.0.0.1 at 2014-11-27 12:24:54 -0500
Served asset /jquery.js - 304 Not Modified (1ms)


Started GET "/movies?direction=asc&sort=rating" for 127.0.0.1 at 2014-11-27 14:20:19 -0500
Processing by MoviesController#index as HTML
  Parameters: {"direction"=>"asc", "sort"=>"rating"}
{"direction"=>"asc", "sort"=>"rating", "action"=>"index", "controller"=>"movies"}
  [1m[36mMovie Load (0.3ms)[0m  [1mSELECT "movies".* FROM "movies" [0m
  Rendered movies/index.html.haml within layouts/application (3.0ms)
Completed 200 OK in 7.0ms (Views: 5.7ms | ActiveRecord: 0.3ms)


Started GET "/movies?direction=asc&sort=movie" for 127.0.0.1 at 2014-11-27 14:20:28 -0500
Processing by MoviesController#index as HTML
  Parameters: {"direction"=>"asc", "sort"=>"movie"}
{"direction"=>"asc", "sort"=>"movie", "action"=>"index", "controller"=>"movies"}
  [1m[35mMovie Load (0.3ms)[0m  SELECT "movies".* FROM "movies" 
  Rendered movies/index.html.haml within layouts/application (4.6ms)
Completed 200 OK in 9.1ms (Views: 7.6ms | ActiveRecord: 0.3ms)


Started GET "/movies?direction=asc&sort=rating" for 127.0.0.1 at 2014-11-27 14:20:35 -0500
Processing by MoviesController#index as HTML
  Parameters: {"direction"=>"asc", "sort"=>"rating"}
{"direction"=>"asc", "sort"=>"rating", "action"=>"index", "controller"=>"movies"}
  [1m[36mMovie Load (0.3ms)[0m  [1mSELECT "movies".* FROM "movies" [0m
  Rendered movies/index.html.haml within layouts/application (4.5ms)
Completed 200 OK in 9.3ms (Views: 7.7ms | ActiveRecord: 0.3ms)


Started GET "/movies?direction=asc&sort=movie" for 127.0.0.1 at 2014-11-27 14:20:36 -0500
Processing by MoviesController#index as HTML
  Parameters: {"direction"=>"asc", "sort"=>"movie"}
{"direction"=>"asc", "sort"=>"movie", "action"=>"index", "controller"=>"movies"}
  [1m[35mMovie Load (0.3ms)[0m  SELECT "movies".* FROM "movies" 
  Rendered movies/index.html.haml within layouts/application (4.5ms)
Completed 200 OK in 9.3ms (Views: 7.7ms | ActiveRecord: 0.3ms)


Started GET "/movies?direction=asc&sort=rating" for 127.0.0.1 at 2014-11-27 14:21:01 -0500
Processing by MoviesController#index as HTML
  Parameters: {"direction"=>"asc", "sort"=>"rating"}
{"direction"=>"asc", "sort"=>"rating", "action"=>"index", "controller"=>"movies"}
  [1m[36mMovie Load (0.3ms)[0m  [1mSELECT "movies".* FROM "movies" [0m
  Rendered movies/index.html.haml within layouts/application (3.3ms)
Completed 200 OK in 10.5ms (Views: 8.9ms | ActiveRecord: 0.3ms)


Started GET "/movies?direction=desc&sort=rating" for 127.0.0.1 at 2014-11-27 14:24:48 -0500
Processing by MoviesController#index as HTML
  Parameters: {"direction"=>"desc", "sort"=>"rating"}
{"direction"=>"desc", "sort"=>"rating", "action"=>"index", "controller"=>"movies"}
  [1m[35mMovie Load (0.2ms)[0m  SELECT "movies".* FROM "movies" ORDER BY rating desc
  Rendered movies/index.html.haml within layouts/application (8.7ms)
Completed 200 OK in 12.9ms (Views: 11.2ms | ActiveRecord: 0.6ms)


Started GET "/movies?direction=asc&sort=movie" for 127.0.0.1 at 2014-11-27 14:24:54 -0500
Processing by MoviesController#index as HTML
  Parameters: {"direction"=>"asc", "sort"=>"movie"}
{"direction"=>"asc", "sort"=>"movie", "action"=>"index", "controller"=>"movies"}
  [1m[36mMovie Load (0.3ms)[0m  [1mSELECT "movies".* FROM "movies" ORDER BY title asc[0m
  Rendered movies/index.html.haml within layouts/application (5.4ms)
Completed 200 OK in 8.8ms (Views: 8.1ms | ActiveRecord: 0.3ms)


Started GET "/movies?direction=asc&sort=rating" for 127.0.0.1 at 2014-11-27 14:33:41 -0500
Processing by MoviesController#index as HTML
  Parameters: {"direction"=>"asc", "sort"=>"rating"}
{"direction"=>"asc", "sort"=>"rating", "action"=>"index", "controller"=>"movies"}
  [1m[35mMovie Load (0.2ms)[0m  SELECT "movies".* FROM "movies" ORDER BY rating asc
  Rendered movies/index.html.haml within layouts/application (11.1ms)
Completed 200 OK in 15.6ms (Views: 13.9ms | ActiveRecord: 0.6ms)


Started GET "/movies?direction=asc&sort=release_date" for 127.0.0.1 at 2014-11-27 14:33:49 -0500
Processing by MoviesController#index as HTML
  Parameters: {"direction"=>"asc", "sort"=>"release_date"}
{"direction"=>"asc", "sort"=>"release_date", "action"=>"index", "controller"=>"movies"}
  [1m[36mMovie Load (0.2ms)[0m  [1mSELECT "movies".* FROM "movies" ORDER BY release_date asc[0m
  Rendered movies/index.html.haml within layouts/application (4.9ms)
Completed 200 OK in 8.4ms (Views: 7.8ms | ActiveRecord: 0.2ms)


Started GET "/movies" for 127.0.0.1 at 2014-11-27 14:34:11 -0500
Processing by MoviesController#index as HTML
{"action"=>"index", "controller"=>"movies"}
  [1m[35mMovie Load (0.4ms)[0m  SELECT "movies".* FROM "movies" ORDER BY title asc
  Rendered movies/index.html.haml within layouts/application (6.4ms)
Completed 200 OK in 10.8ms (Views: 10.1ms | ActiveRecord: 0.4ms)


Started GET "/assets/application.css?body=1" for 127.0.0.1 at 2014-11-27 14:34:11 -0500
Served asset /application.css - 304 Not Modified (0ms)


Started GET "/assets/jquery.js?body=1" for 127.0.0.1 at 2014-11-27 14:34:11 -0500
Served asset /jquery.js - 304 Not Modified (1ms)


Started GET "/assets/jquery_ujs.js?body=1" for 127.0.0.1 at 2014-11-27 14:34:11 -0500
Served asset /jquery_ujs.js - 304 Not Modified (2ms)


Started GET "/assets/application.js?body=1" for 127.0.0.1 at 2014-11-27 14:34:11 -0500
Served asset /application.js - 304 Not Modified (1ms)


Started GET "/assets/application.js?body=1" for 127.0.0.1 at 2014-11-27 14:34:12 -0500
Served asset /application.js - 304 Not Modified (1ms)


Started GET "/movies?direction=asc&sort=release_date" for 127.0.0.1 at 2014-11-27 14:34:18 -0500
Processing by MoviesController#index as HTML
  Parameters: {"direction"=>"asc", "sort"=>"release_date"}
{"direction"=>"asc", "sort"=>"release_date", "action"=>"index", "controller"=>"movies"}
  [1m[36mMovie Load (0.3ms)[0m  [1mSELECT "movies".* FROM "movies" ORDER BY release_date asc[0m
  Rendered movies/index.html.haml within layouts/application (5.8ms)
Completed 200 OK in 9.1ms (Views: 8.5ms | ActiveRecord: 0.3ms)


Started GET "/assets/application.css?body=1" for 127.0.0.1 at 2014-11-27 14:34:18 -0500
Served asset /application.css - 304 Not Modified (0ms)


Started GET "/assets/jquery_ujs.js?body=1" for 127.0.0.1 at 2014-11-27 14:34:18 -0500
Served asset /jquery_ujs.js - 304 Not Modified (0ms)


Started GET "/assets/application.js?body=1" for 127.0.0.1 at 2014-11-27 14:34:18 -0500
Served asset /application.js - 304 Not Modified (1ms)


Started GET "/assets/jquery.js?body=1" for 127.0.0.1 at 2014-11-27 14:34:18 -0500
Served asset /jquery.js - 304 Not Modified (1ms)


Started GET "/movies?direction=asc&sort=release_date" for 127.0.0.1 at 2014-11-27 14:37:33 -0500
Processing by MoviesController#index as HTML
  Parameters: {"direction"=>"asc", "sort"=>"release_date"}
{"direction"=>"asc", "sort"=>"release_date", "action"=>"index", "controller"=>"movies"}
  [1m[35mMovie Load (0.4ms)[0m  SELECT "movies".* FROM "movies" ORDER BY release_date asc
  Rendered movies/index.html.haml within layouts/application (29.8ms)
Compiled application.css  (0ms)  (pid 14647)
Completed 200 OK in 37.6ms (Views: 36.8ms | ActiveRecord: 0.4ms)


Started GET "/assets/jquery.js?body=1" for 127.0.0.1 at 2014-11-27 14:37:34 -0500
Served asset /jquery.js - 304 Not Modified (6ms)


Started GET "/assets/jquery_ujs.js?body=1" for 127.0.0.1 at 2014-11-27 14:37:34 -0500
Served asset /jquery_ujs.js - 304 Not Modified (0ms)


Started GET "/assets/application.css?body=1" for 127.0.0.1 at 2014-11-27 14:37:34 -0500
Served asset /application.css - 200 OK (1ms)


Started GET "/assets/application.js?body=1" for 127.0.0.1 at 2014-11-27 14:37:34 -0500
Served asset /application.js - 304 Not Modified (1ms)


Started GET "/movies?direction=asc&sort=movie" for 127.0.0.1 at 2014-11-27 14:37:36 -0500
Processing by MoviesController#index as HTML
  Parameters: {"direction"=>"asc", "sort"=>"movie"}
{"direction"=>"asc", "sort"=>"movie", "action"=>"index", "controller"=>"movies"}
  [1m[36mMovie Load (0.3ms)[0m  [1mSELECT "movies".* FROM "movies" ORDER BY title asc[0m
  Rendered movies/index.html.haml within layouts/application (5.0ms)
Completed 200 OK in 8.7ms (Views: 8.1ms | ActiveRecord: 0.3ms)


Started GET "/assets/application.css?body=1" for 127.0.0.1 at 2014-11-27 14:37:36 -0500
Served asset /application.css - 304 Not Modified (0ms)


Started GET "/assets/jquery.js?body=1" for 127.0.0.1 at 2014-11-27 14:37:36 -0500
Served asset /jquery.js - 304 Not Modified (5ms)


Started GET "/assets/jquery_ujs.js?body=1" for 127.0.0.1 at 2014-11-27 14:37:36 -0500
Served asset /jquery_ujs.js - 304 Not Modified (0ms)


Started GET "/assets/application.js?body=1" for 127.0.0.1 at 2014-11-27 14:37:36 -0500
Served asset /application.js - 304 Not Modified (1ms)


Started GET "/movies?direction=asc&sort=release_date" for 127.0.0.1 at 2014-11-27 14:37:39 -0500
Processing by MoviesController#index as HTML
  Parameters: {"direction"=>"asc", "sort"=>"release_date"}
{"direction"=>"asc", "sort"=>"release_date", "action"=>"index", "controller"=>"movies"}
  [1m[35mMovie Load (0.2ms)[0m  SELECT "movies".* FROM "movies" ORDER BY release_date asc
  Rendered movies/index.html.haml within layouts/application (4.0ms)
Completed 200 OK in 7.3ms (Views: 6.7ms | ActiveRecord: 0.2ms)


Started GET "/assets/jquery.js?body=1" for 127.0.0.1 at 2014-11-27 14:37:39 -0500
Served asset /jquery.js - 304 Not Modified (4ms)


Started GET "/assets/application.css?body=1" for 127.0.0.1 at 2014-11-27 14:37:39 -0500
Served asset /application.css - 304 Not Modified (0ms)


Started GET "/assets/jquery_ujs.js?body=1" for 127.0.0.1 at 2014-11-27 14:37:39 -0500
Served asset /jquery_ujs.js - 304 Not Modified (0ms)


Started GET "/assets/application.js?body=1" for 127.0.0.1 at 2014-11-27 14:37:39 -0500
Served asset /application.js - 304 Not Modified (1ms)


Started GET "/movies?direction=asc&sort=release_date" for 127.0.0.1 at 2014-11-27 14:50:00 -0500
Processing by MoviesController#index as HTML
  Parameters: {"direction"=>"asc", "sort"=>"release_date"}
  [1m[36mMovie Load (0.2ms)[0m  [1mSELECT "movies".* FROM "movies" ORDER BY release_date asc[0m
  Rendered movies/index.html.haml within layouts/application (8.9ms)
Completed 200 OK in 13.1ms (Views: 11.4ms | ActiveRecord: 0.6ms)


Started GET "/assets/application.css?body=1" for 127.0.0.1 at 2014-11-27 14:50:01 -0500
Served asset /application.css - 304 Not Modified (0ms)


Started GET "/assets/jquery.js?body=1" for 127.0.0.1 at 2014-11-27 14:50:01 -0500
Served asset /jquery.js - 304 Not Modified (1ms)


Started GET "/assets/application.js?body=1" for 127.0.0.1 at 2014-11-27 14:50:01 -0500
Served asset /application.js - 304 Not Modified (0ms)


Started GET "/assets/jquery_ujs.js?body=1" for 127.0.0.1 at 2014-11-27 14:50:01 -0500
Served asset /jquery_ujs.js - 304 Not Modified (0ms)


Started GET "/movies?direction=asc&sort=movie" for 127.0.0.1 at 2014-11-27 14:50:03 -0500
Processing by MoviesController#index as HTML
  Parameters: {"direction"=>"asc", "sort"=>"movie"}
  [1m[35mMovie Load (0.3ms)[0m  SELECT "movies".* FROM "movies" ORDER BY title asc
  Rendered movies/index.html.haml within layouts/application (5.9ms)
Completed 200 OK in 9.1ms (Views: 8.5ms | ActiveRecord: 0.3ms)


Started GET "/assets/application.css?body=1" for 127.0.0.1 at 2014-11-27 14:50:04 -0500
Served asset /application.css - 304 Not Modified (0ms)


Started GET "/assets/jquery_ujs.js?body=1" for 127.0.0.1 at 2014-11-27 14:50:04 -0500
Served asset /jquery_ujs.js - 304 Not Modified (0ms)


Started GET "/assets/jquery.js?body=1" for 127.0.0.1 at 2014-11-27 14:50:04 -0500
Served asset /jquery.js - 304 Not Modified (1ms)


Started GET "/assets/application.js?body=1" for 127.0.0.1 at 2014-11-27 14:50:04 -0500
Served asset /application.js - 304 Not Modified (1ms)


Started GET "/movies?direction=asc&sort=movie" for 127.0.0.1 at 2014-11-27 14:50:44 -0500
Processing by MoviesController#index as HTML
  Parameters: {"direction"=>"asc", "sort"=>"movie"}
  [1m[36mMovie Load (0.2ms)[0m  [1mSELECT "movies".* FROM "movies" ORDER BY title asc[0m
  Rendered movies/index.html.haml within layouts/application (8.8ms)
Completed 200 OK in 13.0ms (Views: 11.4ms | ActiveRecord: 0.6ms)


Started GET "/assets/application.css?body=1" for 127.0.0.1 at 2014-11-27 14:50:44 -0500
Served asset /application.css - 304 Not Modified (0ms)


Started GET "/assets/jquery.js?body=1" for 127.0.0.1 at 2014-11-27 14:50:44 -0500
Served asset /jquery.js - 304 Not Modified (1ms)


Started GET "/assets/application.js?body=1" for 127.0.0.1 at 2014-11-27 14:50:44 -0500
Served asset /application.js - 304 Not Modified (1ms)


Started GET "/assets/jquery_ujs.js?body=1" for 127.0.0.1 at 2014-11-27 14:50:44 -0500
Served asset /jquery_ujs.js - 304 Not Modified (0ms)


Started GET "/movies?direction=asc&sort=movie" for 127.0.0.1 at 2014-11-27 14:50:47 -0500
Processing by MoviesController#index as HTML
  Parameters: {"direction"=>"asc", "sort"=>"movie"}
  [1m[35mMovie Load (0.2ms)[0m  SELECT "movies".* FROM "movies" ORDER BY title asc
  Rendered movies/index.html.haml within layouts/application (3.9ms)
Completed 200 OK in 7.1ms (Views: 6.6ms | ActiveRecord: 0.2ms)


Started GET "/assets/application.css?body=1" for 127.0.0.1 at 2014-11-27 14:50:47 -0500
Served asset /application.css - 304 Not Modified (0ms)


Started GET "/assets/jquery.js?body=1" for 127.0.0.1 at 2014-11-27 14:50:47 -0500
Served asset /jquery.js - 304 Not Modified (1ms)


Started GET "/assets/jquery_ujs.js?body=1" for 127.0.0.1 at 2014-11-27 14:50:47 -0500
Served asset /jquery_ujs.js - 304 Not Modified (0ms)


Started GET "/assets/application.js?body=1" for 127.0.0.1 at 2014-11-27 14:50:47 -0500
Served asset /application.js - 304 Not Modified (1ms)


Started GET "/movies?direction=asc&sort=movie" for 127.0.0.1 at 2014-11-27 14:50:49 -0500
Processing by MoviesController#index as HTML
  Parameters: {"direction"=>"asc", "sort"=>"movie"}
  [1m[36mMovie Load (0.3ms)[0m  [1mSELECT "movies".* FROM "movies" ORDER BY title asc[0m
  Rendered movies/index.html.haml within layouts/application (6.3ms)
Completed 200 OK in 9.8ms (Views: 9.2ms | ActiveRecord: 0.3ms)


Started GET "/assets/application.css?body=1" for 127.0.0.1 at 2014-11-27 14:50:49 -0500
Served asset /application.css - 304 Not Modified (0ms)


Started GET "/assets/application.js?body=1" for 127.0.0.1 at 2014-11-27 14:50:49 -0500
Served asset /application.js - 304 Not Modified (1ms)


Started GET "/assets/jquery.js?body=1" for 127.0.0.1 at 2014-11-27 14:50:49 -0500
Served asset /jquery.js - 304 Not Modified (1ms)


Started GET "/assets/jquery_ujs.js?body=1" for 127.0.0.1 at 2014-11-27 14:50:49 -0500
Served asset /jquery_ujs.js - 304 Not Modified (0ms)


Started GET "/movies?direction=asc&sort=movie" for 127.0.0.1 at 2014-11-27 14:52:31 -0500
Processing by MoviesController#index as HTML
  Parameters: {"direction"=>"asc", "sort"=>"movie"}
  [1m[35mMovie Load (0.2ms)[0m  SELECT "movies".* FROM "movies" ORDER BY title asc
  Rendered movies/index.html.haml within layouts/application (8.7ms)
Completed 200 OK in 12.9ms (Views: 11.3ms | ActiveRecord: 0.6ms)


Started GET "/assets/application.css?body=1" for 127.0.0.1 at 2014-11-27 14:52:31 -0500
Served asset /application.css - 304 Not Modified (0ms)


Started GET "/assets/jquery.js?body=1" for 127.0.0.1 at 2014-11-27 14:52:31 -0500
Served asset /jquery.js - 304 Not Modified (1ms)


Started GET "/assets/jquery_ujs.js?body=1" for 127.0.0.1 at 2014-11-27 14:52:31 -0500
Served asset /jquery_ujs.js - 304 Not Modified (0ms)


Started GET "/assets/application.js?body=1" for 127.0.0.1 at 2014-11-27 14:52:31 -0500
Served asset /application.js - 304 Not Modified (28ms)


Started GET "/movies?direction=asc&sort=movie" for 127.0.0.1 at 2014-11-27 14:52:37 -0500
Processing by MoviesController#index as HTML
  Parameters: {"direction"=>"asc", "sort"=>"movie"}
  [1m[36mMovie Load (0.2ms)[0m  [1mSELECT "movies".* FROM "movies" ORDER BY title asc[0m
  Rendered movies/index.html.haml within layouts/application (4.0ms)
Completed 200 OK in 7.3ms (Views: 6.7ms | ActiveRecord: 0.2ms)


Started GET "/assets/jquery.js?body=1" for 127.0.0.1 at 2014-11-27 14:52:37 -0500
Served asset /jquery.js - 304 Not Modified (5ms)


Started GET "/assets/application.css?body=1" for 127.0.0.1 at 2014-11-27 14:52:37 -0500
Served asset /application.css - 304 Not Modified (0ms)


Started GET "/assets/application.js?body=1" for 127.0.0.1 at 2014-11-27 14:52:37 -0500
Served asset /application.js - 304 Not Modified (1ms)


Started GET "/assets/jquery_ujs.js?body=1" for 127.0.0.1 at 2014-11-27 14:52:37 -0500
Served asset /jquery_ujs.js - 304 Not Modified (0ms)


Started GET "/movies?direction=asc&sort=release_date" for 127.0.0.1 at 2014-11-27 14:53:19 -0500
Processing by MoviesController#index as HTML
  Parameters: {"direction"=>"asc", "sort"=>"release_date"}
  [1m[35mMovie Load (0.3ms)[0m  SELECT "movies".* FROM "movies" ORDER BY release_date asc
  Rendered movies/index.html.haml within layouts/application (6.1ms)
Completed 200 OK in 9.6ms (Views: 9.0ms | ActiveRecord: 0.3ms)


Started GET "/assets/application.css?body=1" for 127.0.0.1 at 2014-11-27 14:53:20 -0500
Served asset /application.css - 304 Not Modified (0ms)


Started GET "/assets/jquery.js?body=1" for 127.0.0.1 at 2014-11-27 14:53:20 -0500
Served asset /jquery.js - 304 Not Modified (1ms)


Started GET "/assets/application.js?body=1" for 127.0.0.1 at 2014-11-27 14:53:20 -0500
Served asset /application.js - 304 Not Modified (3ms)


Started GET "/assets/jquery_ujs.js?body=1" for 127.0.0.1 at 2014-11-27 14:53:20 -0500
Served asset /jquery_ujs.js - 304 Not Modified (0ms)


Started GET "/movies?direction=asc&sort=release_date" for 127.0.0.1 at 2014-11-27 16:06:34 -0500
Processing by MoviesController#index as HTML
  Parameters: {"direction"=>"asc", "sort"=>"release_date"}
  [1m[36mMovie Load (0.2ms)[0m  [1mSELECT "movies".* FROM "movies" ORDER BY release_date asc[0m
  Rendered movies/index.html.haml within layouts/application (4.0ms)
Completed 200 OK in 7.2ms (Views: 6.6ms | ActiveRecord: 0.2ms)


Started GET "/assets/application.css?body=1" for 127.0.0.1 at 2014-11-27 16:06:35 -0500
Served asset /application.css - 304 Not Modified (0ms)


Started GET "/assets/jquery.js?body=1" for 127.0.0.1 at 2014-11-27 16:06:35 -0500
Served asset /jquery.js - 304 Not Modified (1ms)


Started GET "/assets/jquery_ujs.js?body=1" for 127.0.0.1 at 2014-11-27 16:06:35 -0500
Served asset /jquery_ujs.js - 304 Not Modified (0ms)


Started GET "/assets/application.js?body=1" for 127.0.0.1 at 2014-11-27 16:06:35 -0500
Served asset /application.js - 304 Not Modified (1ms)


Started GET "/movies?direction=asc&sort=movie" for 127.0.0.1 at 2014-11-27 16:06:38 -0500
Processing by MoviesController#index as HTML
  Parameters: {"direction"=>"asc", "sort"=>"movie"}
  [1m[35mMovie Load (0.3ms)[0m  SELECT "movies".* FROM "movies" ORDER BY title asc
  Rendered movies/index.html.haml within layouts/application (6.3ms)
Completed 200 OK in 10.3ms (Views: 9.6ms | ActiveRecord: 0.3ms)


Started GET "/assets/jquery.js?body=1" for 127.0.0.1 at 2014-11-27 16:06:38 -0500
Served asset /jquery.js - 304 Not Modified (2ms)


Started GET "/assets/application.css?body=1" for 127.0.0.1 at 2014-11-27 16:06:38 -0500
Served asset /application.css - 304 Not Modified (0ms)


Started GET "/assets/jquery_ujs.js?body=1" for 127.0.0.1 at 2014-11-27 16:06:38 -0500
Served asset /jquery_ujs.js - 304 Not Modified (0ms)


Started GET "/assets/application.js?body=1" for 127.0.0.1 at 2014-11-27 16:06:38 -0500
Served asset /application.js - 304 Not Modified (1ms)


Started GET "/movies?direction=asc&sort=movie" for 127.0.0.1 at 2014-11-27 16:12:57 -0500
Processing by MoviesController#index as HTML
  Parameters: {"direction"=>"asc", "sort"=>"movie"}
sort_column = title
sort_direction = asc
sort_column = title
sort_direction = asc
  [1m[36mMovie Load (0.2ms)[0m  [1mSELECT "movies".* FROM "movies" ORDER BY title asc[0m
  Rendered movies/index.html.haml within layouts/application (8.8ms)
Completed 200 OK in 13.5ms (Views: 11.5ms | ActiveRecord: 0.6ms)


Started GET "/assets/application.js?body=1" for 127.0.0.1 at 2014-11-27 16:12:58 -0500
Served asset /application.js - 304 Not Modified (7ms)


Started GET "/assets/jquery.js?body=1" for 127.0.0.1 at 2014-11-27 16:12:58 -0500
Served asset /jquery.js - 304 Not Modified (1ms)


Started GET "/assets/application.css?body=1" for 127.0.0.1 at 2014-11-27 16:12:58 -0500
Served asset /application.css - 304 Not Modified (0ms)


Started GET "/assets/jquery_ujs.js?body=1" for 127.0.0.1 at 2014-11-27 16:12:58 -0500
Served asset /jquery_ujs.js - 304 Not Modified (0ms)


Started GET "/movies" for 127.0.0.1 at 2014-11-27 16:13:12 -0500
Processing by MoviesController#index as HTML
sort_column = title
sort_direction = asc
sort_column = title
sort_direction = asc
  [1m[35mMovie Load (0.2ms)[0m  SELECT "movies".* FROM "movies" ORDER BY title asc
  Rendered movies/index.html.haml within layouts/application (4.0ms)
Completed 200 OK in 7.2ms (Views: 6.7ms | ActiveRecord: 0.2ms)


Started GET "/assets/application.css?body=1" for 127.0.0.1 at 2014-11-27 16:13:13 -0500
Served asset /application.css - 304 Not Modified (0ms)


Started GET "/assets/jquery.js?body=1" for 127.0.0.1 at 2014-11-27 16:13:13 -0500
Served asset /jquery.js - 304 Not Modified (1ms)


Started GET "/assets/jquery_ujs.js?body=1" for 127.0.0.1 at 2014-11-27 16:13:13 -0500
Served asset /jquery_ujs.js - 304 Not Modified (0ms)


Started GET "/assets/application.js?body=1" for 127.0.0.1 at 2014-11-27 16:13:13 -0500
Served asset /application.js - 304 Not Modified (0ms)


Started GET "/movies?direction=asc&sort=movie" for 127.0.0.1 at 2014-11-27 16:13:33 -0500
Processing by MoviesController#index as HTML
  Parameters: {"direction"=>"asc", "sort"=>"movie"}
sort_column = title
sort_direction = asc
sort_column = title
sort_direction = asc
  [1m[36mMovie Load (0.3ms)[0m  [1mSELECT "movies".* FROM "movies" ORDER BY title asc[0m
  Rendered movies/index.html.haml within layouts/application (5.4ms)
Completed 200 OK in 9.1ms (Views: 8.5ms | ActiveRecord: 0.3ms)


Started GET "/assets/application.css?body=1" for 127.0.0.1 at 2014-11-27 16:13:33 -0500
Served asset /application.css - 304 Not Modified (0ms)


Started GET "/assets/jquery.js?body=1" for 127.0.0.1 at 2014-11-27 16:13:33 -0500
Served asset /jquery.js - 304 Not Modified (1ms)


Started GET "/assets/jquery_ujs.js?body=1" for 127.0.0.1 at 2014-11-27 16:13:33 -0500
Served asset /jquery_ujs.js - 304 Not Modified (0ms)


Started GET "/assets/application.js?body=1" for 127.0.0.1 at 2014-11-27 16:13:33 -0500
Served asset /application.js - 304 Not Modified (1ms)


Started GET "/movies" for 127.0.0.1 at 2014-11-27 16:14:39 -0500
Processing by MoviesController#index as HTML
sort_column = title
sort_direction = asc
direction = asc
sort_column = title
sort_direction = asc
direction = asc
  [1m[35mMovie Load (0.2ms)[0m  SELECT "movies".* FROM "movies" ORDER BY title asc
  Rendered movies/index.html.haml within layouts/application (9.3ms)
Completed 200 OK in 13.6ms (Views: 12.0ms | ActiveRecord: 0.6ms)


Started GET "/assets/application.css?body=1" for 127.0.0.1 at 2014-11-27 16:14:40 -0500
Served asset /application.css - 304 Not Modified (0ms)


Started GET "/assets/application.js?body=1" for 127.0.0.1 at 2014-11-27 16:14:40 -0500
Served asset /application.js - 304 Not Modified (3ms)


Started GET "/assets/jquery_ujs.js?body=1" for 127.0.0.1 at 2014-11-27 16:14:40 -0500
Served asset /jquery_ujs.js - 304 Not Modified (0ms)


Started GET "/assets/jquery.js?body=1" for 127.0.0.1 at 2014-11-27 16:14:40 -0500
Served asset /jquery.js - 304 Not Modified (1ms)


Started GET "/movies?direction=asc&sort=movie" for 127.0.0.1 at 2014-11-27 16:14:50 -0500
Processing by MoviesController#index as HTML
  Parameters: {"direction"=>"asc", "sort"=>"movie"}
sort_column = title
sort_direction = asc
direction = asc
sort_column = title
sort_direction = asc
direction = asc
  [1m[36mMovie Load (0.3ms)[0m  [1mSELECT "movies".* FROM "movies" ORDER BY title asc[0m
  Rendered movies/index.html.haml within layouts/application (6.3ms)
Completed 200 OK in 9.7ms (Views: 9.0ms | ActiveRecord: 0.3ms)


Started GET "/assets/application.css?body=1" for 127.0.0.1 at 2014-11-27 16:14:50 -0500
Served asset /application.css - 304 Not Modified (0ms)


Started GET "/assets/jquery.js?body=1" for 127.0.0.1 at 2014-11-27 16:14:50 -0500
Served asset /jquery.js - 304 Not Modified (3ms)


Started GET "/assets/application.js?body=1" for 127.0.0.1 at 2014-11-27 16:14:50 -0500
Served asset /application.js - 304 Not Modified (1ms)


Started GET "/assets/jquery_ujs.js?body=1" for 127.0.0.1 at 2014-11-27 16:14:50 -0500
Served asset /jquery_ujs.js - 304 Not Modified (0ms)


Started GET "/movies?direction=asc&sort=movie" for 127.0.0.1 at 2014-11-27 16:15:54 -0500
Processing by MoviesController#index as HTML
  Parameters: {"direction"=>"asc", "sort"=>"movie"}
css_class = askldjfklsdjf
sort_column = title
sort_direction = asc
direction = asc
css_class = askldjfklsdjf
sort_column = title
sort_direction = asc
direction = asc
  [1m[35mMovie Load (0.2ms)[0m  SELECT "movies".* FROM "movies" ORDER BY title asc
  Rendered movies/index.html.haml within layouts/application (9.3ms)
Completed 200 OK in 13.6ms (Views: 12.0ms | ActiveRecord: 0.6ms)


Started GET "/assets/application.css?body=1" for 127.0.0.1 at 2014-11-27 16:15:55 -0500
Served asset /application.css - 304 Not Modified (0ms)


Started GET "/assets/jquery_ujs.js?body=1" for 127.0.0.1 at 2014-11-27 16:15:55 -0500
Served asset /jquery_ujs.js - 304 Not Modified (0ms)


Started GET "/assets/application.js?body=1" for 127.0.0.1 at 2014-11-27 16:15:55 -0500
Served asset /application.js - 304 Not Modified (1ms)


Started GET "/assets/jquery.js?body=1" for 127.0.0.1 at 2014-11-27 16:15:55 -0500
Served asset /jquery.js - 304 Not Modified (1ms)


Started GET "/movies?direction=asc&sort=movie" for 127.0.0.1 at 2014-11-27 16:16:05 -0500
Processing by MoviesController#index as HTML
  Parameters: {"direction"=>"asc", "sort"=>"movie"}
css_class = askldjfklsdjf
sort_column = title
sort_direction = asc
direction = asc
css_class = askldjfklsdjf
sort_column = title
sort_direction = asc
direction = asc
  [1m[36mMovie Load (0.3ms)[0m  [1mSELECT "movies".* FROM "movies" ORDER BY title asc[0m
  Rendered movies/index.html.haml within layouts/application (6.0ms)
Completed 200 OK in 9.3ms (Views: 8.7ms | ActiveRecord: 0.3ms)


Started GET "/assets/jquery.js?body=1" for 127.0.0.1 at 2014-11-27 16:16:06 -0500
Served asset /jquery.js - 304 Not Modified (6ms)


Started GET "/assets/jquery_ujs.js?body=1" for 127.0.0.1 at 2014-11-27 16:16:06 -0500
Served asset /jquery_ujs.js - 304 Not Modified (0ms)


Started GET "/assets/application.css?body=1" for 127.0.0.1 at 2014-11-27 16:16:06 -0500
Served asset /application.css - 304 Not Modified (0ms)


Started GET "/assets/application.js?body=1" for 127.0.0.1 at 2014-11-27 16:16:06 -0500
Served asset /application.js - 304 Not Modified (1ms)


Started GET "/movies" for 127.0.0.1 at 2014-11-27 16:17:05 -0500
Processing by MoviesController#index as HTML
css_class = askldjfklsdjf
column = movie
sort_column = title
sort_direction = asc
direction = asc
css_class = askldjfklsdjf
column = release_date
sort_column = title
sort_direction = asc
direction = asc
  [1m[35mMovie Load (0.2ms)[0m  SELECT "movies".* FROM "movies" ORDER BY title asc
  Rendered movies/index.html.haml within layouts/application (9.0ms)
Completed 200 OK in 13.2ms (Views: 11.6ms | ActiveRecord: 0.6ms)


Started GET "/assets/jquery.js?body=1" for 127.0.0.1 at 2014-11-27 16:17:05 -0500
Served asset /jquery.js - 304 Not Modified (2ms)


Started GET "/assets/application.css?body=1" for 127.0.0.1 at 2014-11-27 16:17:05 -0500
Served asset /application.css - 304 Not Modified (0ms)


Started GET "/assets/jquery_ujs.js?body=1" for 127.0.0.1 at 2014-11-27 16:17:06 -0500
Served asset /jquery_ujs.js - 304 Not Modified (0ms)


Started GET "/assets/application.js?body=1" for 127.0.0.1 at 2014-11-27 16:17:06 -0500
Served asset /application.js - 304 Not Modified (1ms)


Started GET "/movies?direction=asc&sort=movie" for 127.0.0.1 at 2014-11-27 16:17:12 -0500
Processing by MoviesController#index as HTML
  Parameters: {"direction"=>"asc", "sort"=>"movie"}
css_class = askldjfklsdjf
column = movie
sort_column = title
sort_direction = asc
direction = asc
css_class = askldjfklsdjf
column = release_date
sort_column = title
sort_direction = asc
direction = asc
  [1m[36mMovie Load (0.3ms)[0m  [1mSELECT "movies".* FROM "movies" ORDER BY title asc[0m
  Rendered movies/index.html.haml within layouts/application (6.1ms)
Completed 200 OK in 9.3ms (Views: 8.7ms | ActiveRecord: 0.3ms)


Started GET "/assets/application.css?body=1" for 127.0.0.1 at 2014-11-27 16:17:12 -0500
Served asset /application.css - 304 Not Modified (0ms)


Started GET "/assets/jquery.js?body=1" for 127.0.0.1 at 2014-11-27 16:17:13 -0500
Served asset /jquery.js - 304 Not Modified (30ms)


Started GET "/assets/jquery_ujs.js?body=1" for 127.0.0.1 at 2014-11-27 16:17:13 -0500
Served asset /jquery_ujs.js - 304 Not Modified (0ms)


Started GET "/assets/application.js?body=1" for 127.0.0.1 at 2014-11-27 16:17:13 -0500
Served asset /application.js - 304 Not Modified (0ms)


Started GET "/movies?direction=asc&sort=release_date" for 127.0.0.1 at 2014-11-27 16:17:17 -0500
Processing by MoviesController#index as HTML
  Parameters: {"direction"=>"asc", "sort"=>"release_date"}
css_class = askldjfklsdjf
column = movie
sort_column = release_date
sort_direction = asc
direction = asc
css_class = hilite
column = release_date
sort_column = release_date
sort_direction = asc
direction = desc
  [1m[35mMovie Load (0.2ms)[0m  SELECT "movies".* FROM "movies" ORDER BY release_date asc
  Rendered movies/index.html.haml within layouts/application (4.2ms)
Completed 200 OK in 7.4ms (Views: 6.8ms | ActiveRecord: 0.2ms)


Started GET "/assets/jquery.js?body=1" for 127.0.0.1 at 2014-11-27 16:17:17 -0500
Served asset /jquery.js - 304 Not Modified (5ms)


Started GET "/assets/application.css?body=1" for 127.0.0.1 at 2014-11-27 16:17:17 -0500
Served asset /application.css - 304 Not Modified (0ms)


Started GET "/assets/jquery_ujs.js?body=1" for 127.0.0.1 at 2014-11-27 16:17:17 -0500
Served asset /jquery_ujs.js - 304 Not Modified (0ms)


Started GET "/assets/application.js?body=1" for 127.0.0.1 at 2014-11-27 16:17:17 -0500
Served asset /application.js - 304 Not Modified (1ms)


Started GET "/movies?direction=asc&sort=movie" for 127.0.0.1 at 2014-11-27 16:17:22 -0500
Processing by MoviesController#index as HTML
  Parameters: {"direction"=>"asc", "sort"=>"movie"}
css_class = askldjfklsdjf
column = movie
sort_column = title
sort_direction = asc
direction = asc
css_class = askldjfklsdjf
column = release_date
sort_column = title
sort_direction = asc
direction = asc
  [1m[36mMovie Load (0.3ms)[0m  [1mSELECT "movies".* FROM "movies" ORDER BY title asc[0m
  Rendered movies/index.html.haml within layouts/application (6.4ms)
Completed 200 OK in 10.4ms (Views: 9.8ms | ActiveRecord: 0.3ms)


Started GET "/assets/application.css?body=1" for 127.0.0.1 at 2014-11-27 16:17:23 -0500
Served asset /application.css - 304 Not Modified (0ms)


Started GET "/assets/jquery_ujs.js?body=1" for 127.0.0.1 at 2014-11-27 16:17:23 -0500
Served asset /jquery_ujs.js - 304 Not Modified (0ms)


Started GET "/assets/application.js?body=1" for 127.0.0.1 at 2014-11-27 16:17:23 -0500
Served asset /application.js - 304 Not Modified (1ms)


Started GET "/assets/jquery.js?body=1" for 127.0.0.1 at 2014-11-27 16:17:23 -0500
Served asset /jquery.js - 304 Not Modified (0ms)


Started GET "/movies?direction=asc&sort=movie" for 127.0.0.1 at 2014-11-27 16:18:04 -0500
Processing by MoviesController#index as HTML
  Parameters: {"direction"=>"asc", "sort"=>"movie"}
css_class = 
column = movie
sort_column = title
sort_direction = asc
direction = asc
css_class = 
column = release_date
sort_column = title
sort_direction = asc
direction = asc
  [1m[35mMovie Load (0.2ms)[0m  SELECT "movies".* FROM "movies" ORDER BY title asc
  Rendered movies/index.html.haml within layouts/application (8.8ms)
Completed 200 OK in 13.0ms (Views: 11.4ms | ActiveRecord: 0.6ms)


Started GET "/assets/application.css?body=1" for 127.0.0.1 at 2014-11-27 16:18:05 -0500
Served asset /application.css - 304 Not Modified (0ms)


Started GET "/assets/jquery.js?body=1" for 127.0.0.1 at 2014-11-27 16:18:05 -0500
Served asset /jquery.js - 304 Not Modified (1ms)


Started GET "/assets/jquery_ujs.js?body=1" for 127.0.0.1 at 2014-11-27 16:18:05 -0500
Served asset /jquery_ujs.js - 304 Not Modified (0ms)


Started GET "/assets/application.js?body=1" for 127.0.0.1 at 2014-11-27 16:18:05 -0500
Served asset /application.js - 304 Not Modified (2ms)


Started GET "/movies" for 127.0.0.1 at 2014-11-27 16:18:42 -0500
Processing by MoviesController#index as HTML
css_class = hilite
column = title
sort_column = title
sort_direction = asc
direction = desc
css_class = 
column = release_date
sort_column = title
sort_direction = asc
direction = asc
  [1m[36mMovie Load (0.3ms)[0m  [1mSELECT "movies".* FROM "movies" ORDER BY title asc[0m
  Rendered movies/index.html.haml within layouts/application (9.2ms)
Completed 200 OK in 12.4ms (Views: 11.8ms | ActiveRecord: 0.3ms)


Started GET "/assets/application.css?body=1" for 127.0.0.1 at 2014-11-27 16:18:42 -0500
Served asset /application.css - 304 Not Modified (0ms)


Started GET "/assets/jquery_ujs.js?body=1" for 127.0.0.1 at 2014-11-27 16:18:42 -0500
Served asset /jquery_ujs.js - 304 Not Modified (0ms)


Started GET "/assets/jquery.js?body=1" for 127.0.0.1 at 2014-11-27 16:18:42 -0500
Served asset /jquery.js - 304 Not Modified (0ms)


Started GET "/assets/application.js?body=1" for 127.0.0.1 at 2014-11-27 16:18:42 -0500
Served asset /application.js - 304 Not Modified (0ms)


Started GET "/movies?direction=desc&sort=title" for 127.0.0.1 at 2014-11-27 16:18:46 -0500
Processing by MoviesController#index as HTML
  Parameters: {"direction"=>"desc", "sort"=>"title"}
css_class = hilite
column = title
sort_column = title
sort_direction = desc
direction = asc
css_class = 
column = release_date
sort_column = title
sort_direction = desc
direction = asc
  [1m[35mMovie Load (0.3ms)[0m  SELECT "movies".* FROM "movies" ORDER BY title desc
  Rendered movies/index.html.haml within layouts/application (6.1ms)
Completed 200 OK in 9.4ms (Views: 8.8ms | ActiveRecord: 0.3ms)


Started GET "/assets/application.css?body=1" for 127.0.0.1 at 2014-11-27 16:18:46 -0500
Served asset /application.css - 304 Not Modified (0ms)


Started GET "/assets/jquery.js?body=1" for 127.0.0.1 at 2014-11-27 16:18:46 -0500
Served asset /jquery.js - 304 Not Modified (0ms)


Started GET "/assets/application.js?body=1" for 127.0.0.1 at 2014-11-27 16:18:46 -0500
Served asset /application.js - 304 Not Modified (2ms)


Started GET "/assets/jquery_ujs.js?body=1" for 127.0.0.1 at 2014-11-27 16:18:46 -0500
Served asset /jquery_ujs.js - 304 Not Modified (0ms)


Started GET "/movies?direction=asc&sort=title" for 127.0.0.1 at 2014-11-27 16:18:53 -0500
Processing by MoviesController#index as HTML
  Parameters: {"direction"=>"asc", "sort"=>"title"}
css_class = hilite
column = title
sort_column = title
sort_direction = asc
direction = desc
css_class = 
column = release_date
sort_column = title
sort_direction = asc
direction = asc
  [1m[36mMovie Load (0.3ms)[0m  [1mSELECT "movies".* FROM "movies" ORDER BY title asc[0m
  Rendered movies/index.html.haml within layouts/application (5.4ms)
Completed 200 OK in 35.5ms (Views: 34.9ms | ActiveRecord: 0.3ms)


Started GET "/assets/application.css?body=1" for 127.0.0.1 at 2014-11-27 16:18:53 -0500
Served asset /application.css - 304 Not Modified (0ms)


Started GET "/assets/application.js?body=1" for 127.0.0.1 at 2014-11-27 16:18:53 -0500
Served asset /application.js - 304 Not Modified (5ms)


Started GET "/assets/jquery.js?body=1" for 127.0.0.1 at 2014-11-27 16:18:53 -0500
Served asset /jquery.js - 304 Not Modified (1ms)


Started GET "/assets/jquery_ujs.js?body=1" for 127.0.0.1 at 2014-11-27 16:18:53 -0500
Served asset /jquery_ujs.js - 304 Not Modified (0ms)


Started GET "/movies?direction=asc&sort=release_date" for 127.0.0.1 at 2014-11-27 16:19:00 -0500
Processing by MoviesController#index as HTML
  Parameters: {"direction"=>"asc", "sort"=>"release_date"}
css_class = 
column = title
sort_column = release_date
sort_direction = asc
direction = asc
css_class = hilite
column = release_date
sort_column = release_date
sort_direction = asc
direction = desc
  [1m[35mMovie Load (0.3ms)[0m  SELECT "movies".* FROM "movies" ORDER BY release_date asc
  Rendered movies/index.html.haml within layouts/application (6.4ms)
Completed 200 OK in 10.5ms (Views: 9.8ms | ActiveRecord: 0.3ms)


Started GET "/assets/application.css?body=1" for 127.0.0.1 at 2014-11-27 16:19:00 -0500
Served asset /application.css - 304 Not Modified (0ms)


Started GET "/assets/jquery.js?body=1" for 127.0.0.1 at 2014-11-27 16:19:00 -0500
Served asset /jquery.js - 304 Not Modified (4ms)


Started GET "/assets/application.js?body=1" for 127.0.0.1 at 2014-11-27 16:19:00 -0500
Served asset /application.js - 304 Not Modified (1ms)


Started GET "/assets/jquery_ujs.js?body=1" for 127.0.0.1 at 2014-11-27 16:19:00 -0500
Served asset /jquery_ujs.js - 304 Not Modified (0ms)


Started GET "/movies?direction=desc&sort=release_date" for 127.0.0.1 at 2014-11-27 16:19:13 -0500
Processing by MoviesController#index as HTML
  Parameters: {"direction"=>"desc", "sort"=>"release_date"}
css_class = 
column = title
sort_column = release_date
sort_direction = desc
direction = asc
css_class = hilite
column = release_date
sort_column = release_date
sort_direction = desc
direction = asc
  [1m[36mMovie Load (0.3ms)[0m  [1mSELECT "movies".* FROM "movies" ORDER BY release_date desc[0m
  Rendered movies/index.html.haml within layouts/application (5.9ms)
Completed 200 OK in 9.2ms (Views: 8.6ms | ActiveRecord: 0.3ms)


Started GET "/assets/application.css?body=1" for 127.0.0.1 at 2014-11-27 16:19:13 -0500
Served asset /application.css - 304 Not Modified (0ms)


Started GET "/assets/jquery_ujs.js?body=1" for 127.0.0.1 at 2014-11-27 16:19:13 -0500
Served asset /jquery_ujs.js - 304 Not Modified (0ms)


Started GET "/assets/jquery.js?body=1" for 127.0.0.1 at 2014-11-27 16:19:13 -0500
Served asset /jquery.js - 304 Not Modified (1ms)


Started GET "/assets/application.js?body=1" for 127.0.0.1 at 2014-11-27 16:19:13 -0500
Served asset /application.js - 304 Not Modified (1ms)


Started GET "/movies?direction=asc&sort=release_date" for 127.0.0.1 at 2014-11-27 16:19:33 -0500
Processing by MoviesController#index as HTML
  Parameters: {"direction"=>"asc", "sort"=>"release_date"}
css_class = 
column = title
sort_column = release_date
sort_direction = asc
direction = asc
css_class = hilite
column = release_date
sort_column = release_date
sort_direction = asc
direction = desc
  [1m[35mMovie Load (0.3ms)[0m  SELECT "movies".* FROM "movies" ORDER BY release_date asc
  Rendered movies/index.html.haml within layouts/application (6.3ms)
Completed 200 OK in 10.1ms (Views: 9.5ms | ActiveRecord: 0.3ms)


Started GET "/assets/application.css?body=1" for 127.0.0.1 at 2014-11-27 16:19:33 -0500
Served asset /application.css - 304 Not Modified (0ms)


Started GET "/assets/application.js?body=1" for 127.0.0.1 at 2014-11-27 16:19:33 -0500
Served asset /application.js - 304 Not Modified (5ms)


Started GET "/assets/jquery_ujs.js?body=1" for 127.0.0.1 at 2014-11-27 16:19:33 -0500
Served asset /jquery_ujs.js - 304 Not Modified (0ms)


Started GET "/assets/jquery.js?body=1" for 127.0.0.1 at 2014-11-27 16:19:33 -0500
Served asset /jquery.js - 304 Not Modified (1ms)


Started GET "/movies?direction=asc&sort=release_date" for 127.0.0.1 at 2014-11-27 16:31:06 -0500
Processing by MoviesController#index as HTML
  Parameters: {"direction"=>"asc", "sort"=>"release_date"}
css_class = 
column = title
sort_column = release_date
sort_direction = asc
direction = asc
css_class = hilite
column = release_date
sort_column = release_date
sort_direction = asc
direction = desc
  [1m[36mMovie Load (0.2ms)[0m  [1mSELECT "movies".* FROM "movies" ORDER BY release_date asc[0m
  Rendered movies/index.html.haml within layouts/application (8.9ms)
Compiled application.css  (0ms)  (pid 14647)
Completed 200 OK in 17.5ms (Views: 15.8ms | ActiveRecord: 0.6ms)


Started GET "/assets/application.css?body=1" for 127.0.0.1 at 2014-11-27 16:31:06 -0500
Served asset /application.css - 200 OK (2ms)


Started GET "/assets/application.js?body=1" for 127.0.0.1 at 2014-11-27 16:31:06 -0500
Served asset /application.js - 304 Not Modified (2ms)


Started GET "/assets/jquery.js?body=1" for 127.0.0.1 at 2014-11-27 16:31:06 -0500
Served asset /jquery.js - 304 Not Modified (1ms)


Started GET "/assets/jquery_ujs.js?body=1" for 127.0.0.1 at 2014-11-27 16:31:06 -0500
Served asset /jquery_ujs.js - 304 Not Modified (0ms)


Started GET "/movies?direction=asc&sort=title" for 127.0.0.1 at 2014-11-27 16:31:11 -0500
Processing by MoviesController#index as HTML
  Parameters: {"direction"=>"asc", "sort"=>"title"}
css_class = hilite
column = title
sort_column = title
sort_direction = asc
direction = desc
css_class = 
column = release_date
sort_column = title
sort_direction = asc
direction = asc
  [1m[35mMovie Load (0.3ms)[0m  SELECT "movies".* FROM "movies" ORDER BY title asc
  Rendered movies/index.html.haml within layouts/application (6.3ms)
Completed 200 OK in 10.4ms (Views: 9.7ms | ActiveRecord: 0.3ms)


Started GET "/assets/jquery.js?body=1" for 127.0.0.1 at 2014-11-27 16:31:11 -0500
Served asset /jquery.js - 304 Not Modified (1ms)


Started GET "/assets/jquery_ujs.js?body=1" for 127.0.0.1 at 2014-11-27 16:31:11 -0500
Served asset /jquery_ujs.js - 304 Not Modified (0ms)


Started GET "/assets/application.js?body=1" for 127.0.0.1 at 2014-11-27 16:31:11 -0500
Served asset /application.js - 304 Not Modified (1ms)


Started GET "/movies?direction=asc&sort=title" for 127.0.0.1 at 2014-11-27 16:34:39 -0500
Processing by MoviesController#index as HTML
  Parameters: {"direction"=>"asc", "sort"=>"title"}
css_class = hilite
column = title
sort_column = title
sort_direction = asc
direction = desc
css_class = 
column = release_date
sort_column = title
sort_direction = asc
direction = asc
  [1m[36mMovie Load (0.3ms)[0m  [1mSELECT "movies".* FROM "movies" ORDER BY title asc[0m
  Rendered movies/index.html.haml within layouts/application (6.4ms)
Compiled application.css  (0ms)  (pid 14647)
Completed 200 OK in 14.8ms (Views: 14.2ms | ActiveRecord: 0.3ms)


Started GET "/assets/application.css?body=1" for 127.0.0.1 at 2014-11-27 16:34:39 -0500
Served asset /application.css - 200 OK (1ms)


Started GET "/assets/jquery.js?body=1" for 127.0.0.1 at 2014-11-27 16:34:39 -0500
Served asset /jquery.js - 304 Not Modified (1ms)


Started GET "/assets/application.js?body=1" for 127.0.0.1 at 2014-11-27 16:34:39 -0500
Served asset /application.js - 304 Not Modified (1ms)


Started GET "/assets/jquery_ujs.js?body=1" for 127.0.0.1 at 2014-11-27 16:34:39 -0500
Served asset /jquery_ujs.js - 304 Not Modified (0ms)


Started GET "/movies?direction=asc&sort=release_date" for 127.0.0.1 at 2014-11-27 16:34:42 -0500
Processing by MoviesController#index as HTML
  Parameters: {"direction"=>"asc", "sort"=>"release_date"}
css_class = 
column = title
sort_column = release_date
sort_direction = asc
direction = asc
css_class = hilite
column = release_date
sort_column = release_date
sort_direction = asc
direction = desc
  [1m[35mMovie Load (0.3ms)[0m  SELECT "movies".* FROM "movies" ORDER BY release_date asc
  Rendered movies/index.html.haml within layouts/application (6.3ms)
Completed 200 OK in 10.3ms (Views: 9.7ms | ActiveRecord: 0.3ms)


Started GET "/assets/application.css?body=1" for 127.0.0.1 at 2014-11-27 16:34:42 -0500
Served asset /application.css - 304 Not Modified (0ms)


Started GET "/assets/jquery_ujs.js?body=1" for 127.0.0.1 at 2014-11-27 16:34:42 -0500
Served asset /jquery_ujs.js - 304 Not Modified (0ms)


Started GET "/assets/jquery.js?body=1" for 127.0.0.1 at 2014-11-27 16:34:42 -0500
Served asset /jquery.js - 304 Not Modified (1ms)


Started GET "/assets/application.js?body=1" for 127.0.0.1 at 2014-11-27 16:34:42 -0500
Served asset /application.js - 304 Not Modified (1ms)


Started GET "/movies?direction=asc&sort=title" for 127.0.0.1 at 2014-11-27 16:34:44 -0500
Processing by MoviesController#index as HTML
  Parameters: {"direction"=>"asc", "sort"=>"title"}
css_class = hilite
column = title
sort_column = title
sort_direction = asc
direction = desc
css_class = 
column = release_date
sort_column = title
sort_direction = asc
direction = asc
  [1m[36mMovie Load (0.2ms)[0m  [1mSELECT "movies".* FROM "movies" ORDER BY title asc[0m
  Rendered movies/index.html.haml within layouts/application (4.6ms)
Completed 200 OK in 7.9ms (Views: 7.4ms | ActiveRecord: 0.2ms)


Started GET "/assets/application.css?body=1" for 127.0.0.1 at 2014-11-27 16:34:45 -0500
Served asset /application.css - 304 Not Modified (0ms)


Started GET "/assets/jquery.js?body=1" for 127.0.0.1 at 2014-11-27 16:34:45 -0500
Served asset /jquery.js - 304 Not Modified (4ms)


Started GET "/assets/jquery_ujs.js?body=1" for 127.0.0.1 at 2014-11-27 16:34:45 -0500
Served asset /jquery_ujs.js - 304 Not Modified (0ms)


Started GET "/assets/application.js?body=1" for 127.0.0.1 at 2014-11-27 16:34:45 -0500
Served asset /application.js - 304 Not Modified (1ms)


Started GET "/movies?direction=asc&sort=title" for 127.0.0.1 at 2014-11-27 16:35:30 -0500
Processing by MoviesController#index as HTML
  Parameters: {"direction"=>"asc", "sort"=>"title"}
css_class = hilite
column = title
sort_column = title
sort_direction = asc
direction = desc
css_class = 
column = release_date
sort_column = title
sort_direction = asc
direction = asc
  [1m[35mMovie Load (0.2ms)[0m  SELECT "movies".* FROM "movies" ORDER BY title asc
  Rendered movies/index.html.haml within layouts/application (4.6ms)
Compiled application.css  (0ms)  (pid 14647)
Completed 200 OK in 12.2ms (Views: 11.7ms | ActiveRecord: 0.2ms)


Started GET "/assets/application.js?body=1" for 127.0.0.1 at 2014-11-27 16:35:30 -0500
Served asset /application.js - 304 Not Modified (7ms)


Started GET "/assets/jquery_ujs.js?body=1" for 127.0.0.1 at 2014-11-27 16:35:30 -0500
Served asset /jquery_ujs.js - 304 Not Modified (0ms)


Started GET "/assets/jquery.js?body=1" for 127.0.0.1 at 2014-11-27 16:35:30 -0500
Served asset /jquery.js - 304 Not Modified (1ms)


Started GET "/assets/application.css?body=1" for 127.0.0.1 at 2014-11-27 16:35:30 -0500
Served asset /application.css - 200 OK (1ms)


Started GET "/movies?direction=asc&sort=release_date" for 127.0.0.1 at 2014-11-27 16:35:34 -0500
Processing by MoviesController#index as HTML
  Parameters: {"direction"=>"asc", "sort"=>"release_date"}
css_class = 
column = title
sort_column = release_date
sort_direction = asc
direction = asc
css_class = hilite
column = release_date
sort_column = release_date
sort_direction = asc
direction = desc
  [1m[36mMovie Load (0.3ms)[0m  [1mSELECT "movies".* FROM "movies" ORDER BY release_date asc[0m
  Rendered movies/index.html.haml within layouts/application (6.3ms)
Completed 200 OK in 9.6ms (Views: 8.9ms | ActiveRecord: 0.3ms)


Started GET "/assets/jquery.js?body=1" for 127.0.0.1 at 2014-11-27 16:35:34 -0500
Served asset /jquery.js - 304 Not Modified (4ms)


Started GET "/assets/application.css?body=1" for 127.0.0.1 at 2014-11-27 16:35:34 -0500
Served asset /application.css - 304 Not Modified (0ms)


Started GET "/assets/jquery_ujs.js?body=1" for 127.0.0.1 at 2014-11-27 16:35:34 -0500
Served asset /jquery_ujs.js - 304 Not Modified (0ms)


Started GET "/assets/application.js?body=1" for 127.0.0.1 at 2014-11-27 16:35:34 -0500
Served asset /application.js - 304 Not Modified (1ms)


Started GET "/movies?direction=asc&sort=title" for 127.0.0.1 at 2014-11-27 16:35:38 -0500
Processing by MoviesController#index as HTML
  Parameters: {"direction"=>"asc", "sort"=>"title"}
css_class = hilite
column = title
sort_column = title
sort_direction = asc
direction = desc
css_class = 
column = release_date
sort_column = title
sort_direction = asc
direction = asc
  [1m[35mMovie Load (0.3ms)[0m  SELECT "movies".* FROM "movies" ORDER BY title asc
  Rendered movies/index.html.haml within layouts/application (6.4ms)
Completed 200 OK in 10.4ms (Views: 9.8ms | ActiveRecord: 0.3ms)


Started GET "/assets/jquery.js?body=1" for 127.0.0.1 at 2014-11-27 16:35:38 -0500
Served asset /jquery.js - 304 Not Modified (3ms)


Started GET "/assets/application.css?body=1" for 127.0.0.1 at 2014-11-27 16:35:38 -0500
Served asset /application.css - 304 Not Modified (0ms)


Started GET "/assets/jquery_ujs.js?body=1" for 127.0.0.1 at 2014-11-27 16:35:38 -0500
Served asset /jquery_ujs.js - 304 Not Modified (0ms)


Started GET "/assets/application.js?body=1" for 127.0.0.1 at 2014-11-27 16:35:38 -0500
Served asset /application.js - 304 Not Modified (1ms)


Started GET "/movies" for 127.0.0.1 at 2014-11-27 18:52:50 -0500
Processing by MoviesController#index as HTML
  Rendered movies/index.html.haml within layouts/application (4.9ms)
Completed 500 Internal Server Error in 6.9ms

ActionView::Template::Error (undefined method `each' for nil:NilClass):
    3: 
    4: = form_tag movies_path, :method => :get do
    5:   Include:
    6:   - @all_ratings.each do |rating|
    7:     = rating
    8:     = check_box_tag "ratings[#{rating}]"
    9:   = submit_tag 'Refresh'
  app/views/movies/index.html.haml:6:in `block in _app_views_movies_index_html_haml__2272724366842015260_69926537276580'
  app/views/movies/index.html.haml:4:in `_app_views_movies_index_html_haml__2272724366842015260_69926537276580'


  Rendered /usr/local/rvm/gems/ruby-1.9.3-p547/gems/actionpack-3.2.18/lib/action_dispatch/middleware/templates/rescues/_trace.erb (1.0ms)
  Rendered /usr/local/rvm/gems/ruby-1.9.3-p547/gems/actionpack-3.2.18/lib/action_dispatch/middleware/templates/rescues/_request_and_response.erb (0.7ms)
  Rendered /usr/local/rvm/gems/ruby-1.9.3-p547/gems/actionpack-3.2.18/lib/action_dispatch/middleware/templates/rescues/template_error.erb within rescues/layout (6.8ms)


Started GET "/movies" for 127.0.0.1 at 2014-11-27 18:53:59 -0500
Processing by MoviesController#index as HTML
  Rendered movies/index.html.haml within layouts/application (4.1ms)
Completed 500 Internal Server Error in 6.1ms

ActionView::Template::Error (undefined method `each' for nil:NilClass):
    3: 
    4: = form_tag movies_path, :method => :get do
    5:   Include:
    6:   - @ratings.each do |rating|
    7:     = rating
    8:     = check_box_tag "ratings[#{rating}]"
    9:   = submit_tag 'Refresh'
  app/views/movies/index.html.haml:6:in `block in _app_views_movies_index_html_haml__2272724366842015260_69926463544740'
  app/views/movies/index.html.haml:4:in `_app_views_movies_index_html_haml__2272724366842015260_69926463544740'


  Rendered /usr/local/rvm/gems/ruby-1.9.3-p547/gems/actionpack-3.2.18/lib/action_dispatch/middleware/templates/rescues/_trace.erb (1.0ms)
  Rendered /usr/local/rvm/gems/ruby-1.9.3-p547/gems/actionpack-3.2.18/lib/action_dispatch/middleware/templates/rescues/_request_and_response.erb (0.8ms)
  Rendered /usr/local/rvm/gems/ruby-1.9.3-p547/gems/actionpack-3.2.18/lib/action_dispatch/middleware/templates/rescues/template_error.erb within rescues/layout (6.9ms)
Connecting to database specified by database.yml
Connecting to database specified by database.yml


Started GET "/movies" for 127.0.0.1 at 2014-11-28 12:43:16 -0500
Processing by MoviesController#index as HTML
  Rendered movies/index.html.haml within layouts/application (3.2ms)
Completed 500 Internal Server Error in 6.0ms

ActionView::Template::Error (undefined method `each' for nil:NilClass):
    3: 
    4: = form_tag movies_path, :method => :get do
    5:   Include:
    6:   - @all_ratings.each do |rating|
    7:     = rating
    8:     = check_box_tag "ratings[#{rating}]"
    9:   = submit_tag 'Refresh'
  app/views/movies/index.html.haml:6:in `block in _app_views_movies_index_html_haml__2272724366842015260_69926533386400'
  app/views/movies/index.html.haml:4:in `_app_views_movies_index_html_haml__2272724366842015260_69926533386400'


  Rendered /usr/local/rvm/gems/ruby-1.9.3-p547/gems/actionpack-3.2.18/lib/action_dispatch/middleware/templates/rescues/_trace.erb (1.0ms)
  Rendered /usr/local/rvm/gems/ruby-1.9.3-p547/gems/actionpack-3.2.18/lib/action_dispatch/middleware/templates/rescues/_request_and_response.erb (0.7ms)
  Rendered /usr/local/rvm/gems/ruby-1.9.3-p547/gems/actionpack-3.2.18/lib/action_dispatch/middleware/templates/rescues/template_error.erb within rescues/layout (6.9ms)


Started GET "/movies" for 127.0.0.1 at 2014-11-28 12:44:08 -0500
Processing by MoviesController#index as HTML
  Rendered movies/index.html.haml within layouts/application (0.8ms)
Completed 500 Internal Server Error in 3.6ms

ActionView::Template::Error (undefined method `each' for nil:NilClass):
    3: 
    4: = form_tag movies_path, :method => :get do
    5:   Include:
    6:   - @all_ratings.each do |rating|
    7:     = rating
    8:     = check_box_tag "ratings[#{rating}]"
    9:   = submit_tag 'Refresh'
  app/views/movies/index.html.haml:6:in `block in _app_views_movies_index_html_haml__2272724366842015260_69926533386400'
  app/views/movies/index.html.haml:4:in `_app_views_movies_index_html_haml__2272724366842015260_69926533386400'


  Rendered /usr/local/rvm/gems/ruby-1.9.3-p547/gems/actionpack-3.2.18/lib/action_dispatch/middleware/templates/rescues/_trace.erb (1.1ms)
  Rendered /usr/local/rvm/gems/ruby-1.9.3-p547/gems/actionpack-3.2.18/lib/action_dispatch/middleware/templates/rescues/_request_and_response.erb (0.9ms)
  Rendered /usr/local/rvm/gems/ruby-1.9.3-p547/gems/actionpack-3.2.18/lib/action_dispatch/middleware/templates/rescues/template_error.erb within rescues/layout (7.3ms)
